<?xml version="1.0" encoding="UTF-8"?>
<!-- Generated by org.testng.reporters.JUnitXMLReporter -->
<testsuite hostname="INBAN-HS7GT12" name="Command line test" tests="9" failures="0" timestamp="2 Dec 2015 12:39:11 GMT" time="313.152" errors="0">
  <testcase name="clickAbout" time="9.867" classname="Test.com.test.appium.About"/>
  <testcase name="composeWithImage" time="24.472" classname="Test.com.test.appium.Attachment"/>
  <testcase name="selectAudio" time="45.239" classname="Test.com.test.appium.Audio"/>
  <testcase name="viewBackGroundsScreen" time="8.462" classname="Test.com.test.appium.BackGroundsScreen"/>
  <testcase name="sendBigText" time="81.845" classname="Test.com.test.appium.BigText"/>
  <testcase name="sendCameraPicture" time="21.643" classname="Test.com.test.appium.Camera"/>
  <testcase name="clickChangeBackGround" time="8.401" classname="Test.com.test.appium.ChangeConversationBubble"/>
  <testcase name="changeFontSize" time="10.211" classname="Test.com.test.appium.ChangeFontSize"/>
  <testcase name="viewLEDColorScreen" time="11.988" classname="Test.com.test.appium.ChangeLEDColor"/>
</testsuite> <!-- Command line test -->
