<?xml version="1.0" encoding="UTF-8"?>
<!-- Generated by org.testng.reporters.JUnitXMLReporter -->
<testsuite hostname="INBAN-HS7GT12" name="Command line test" tests="1" failures="0" timestamp="7 Dec 2015 09:52:15 GMT" time="0.137" errors="0">
  <testcase name="@BeforeClass setUp" time="0.0" classname="Test.com.test.appium.About">
    <failure type="com.thoughtworks.xstream.converters.ConversionException" message="BUTTON : BUTTON : BUTTON : BUTTON
---- Debugging information ----
message             : BUTTON : BUTTON
cause-exception     : com.thoughtworks.xstream.mapper.CannotResolveClassException
cause-message       : BUTTON : BUTTON
class               : com.verizon.utility.ConfiguredCapabilities
required-type       : com.verizon.utility.ConfiguredCapabilities
path                : /capabilities/BUTTON
line number         : 94
-------------------------------">
      <![CDATA[com.thoughtworks.xstream.converters.ConversionException: BUTTON : BUTTON : BUTTON : BUTTON
---- Debugging information ----
message             : BUTTON : BUTTON
cause-exception     : com.thoughtworks.xstream.mapper.CannotResolveClassException
cause-message       : BUTTON : BUTTON
class               : com.verizon.utility.ConfiguredCapabilities
required-type       : com.verizon.utility.ConfiguredCapabilities
path                : /capabilities/BUTTON
line number         : 94
-------------------------------
	at com.thoughtworks.xstream.core.TreeUnmarshaller.convert(TreeUnmarshaller.java:89)
	at com.thoughtworks.xstream.core.AbstractReferenceUnmarshaller.convert(AbstractReferenceUnmarshaller.java:63)
	at com.thoughtworks.xstream.core.TreeUnmarshaller.convertAnother(TreeUnmarshaller.java:76)
	at com.thoughtworks.xstream.core.TreeUnmarshaller.convertAnother(TreeUnmarshaller.java:60)
	at com.thoughtworks.xstream.core.TreeUnmarshaller.start(TreeUnmarshaller.java:137)
	at com.thoughtworks.xstream.core.AbstractTreeMarshallingStrategy.unmarshal(AbstractTreeMarshallingStrategy.java:33)
	at com.thoughtworks.xstream.XStream.unmarshal(XStream.java:923)
	at com.thoughtworks.xstream.XStream.unmarshal(XStream.java:909)
	at com.thoughtworks.xstream.XStream.fromXML(XStream.java:853)
	at com.verizon.utility.HandlerUtility.getCapabilities(HandlerUtility.java:22)
	at Test.com.test.appium.About.setUp(About.java:68)
	at Test.com.test.appium.App.main(App.java:26)
Caused by: com.thoughtworks.xstream.mapper.CannotResolveClassException: BUTTON : BUTTON
	at com.thoughtworks.xstream.mapper.DefaultMapper.realClass(DefaultMapper.java:68)
	at com.thoughtworks.xstream.mapper.MapperWrapper.realClass(MapperWrapper.java:38)
	at com.thoughtworks.xstream.mapper.DynamicProxyMapper.realClass(DynamicProxyMapper.java:71)
	at com.thoughtworks.xstream.mapper.MapperWrapper.realClass(MapperWrapper.java:38)
	at com.thoughtworks.xstream.mapper.PackageAliasingMapper.realClass(PackageAliasingMapper.java:88)
	at com.thoughtworks.xstream.mapper.MapperWrapper.realClass(MapperWrapper.java:38)
	at com.thoughtworks.xstream.mapper.ClassAliasingMapper.realClass(ClassAliasingMapper.java:86)
	at com.thoughtworks.xstream.mapper.MapperWrapper.realClass(MapperWrapper.java:38)
	at com.thoughtworks.xstream.mapper.MapperWrapper.realClass(MapperWrapper.java:38)
	at com.thoughtworks.xstream.mapper.MapperWrapper.realClass(MapperWrapper.java:38)
	at com.thoughtworks.xstream.mapper.MapperWrapper.realClass(MapperWrapper.java:38)
	at com.thoughtworks.xstream.mapper.MapperWrapper.realClass(MapperWrapper.java:38)
	at com.thoughtworks.xstream.mapper.MapperWrapper.realClass(MapperWrapper.java:38)
	at com.thoughtworks.xstream.mapper.ArrayMapper.realClass(ArrayMapper.java:96)
	at com.thoughtworks.xstream.mapper.MapperWrapper.realClass(MapperWrapper.java:38)
	at com.thoughtworks.xstream.mapper.MapperWrapper.realClass(MapperWrapper.java:38)
	at com.thoughtworks.xstream.mapper.MapperWrapper.realClass(MapperWrapper.java:38)
	at com.thoughtworks.xstream.mapper.MapperWrapper.realClass(MapperWrapper.java:38)
	at com.thoughtworks.xstream.mapper.MapperWrapper.realClass(MapperWrapper.java:38)
	at com.thoughtworks.xstream.mapper.MapperWrapper.realClass(MapperWrapper.java:38)
	at com.thoughtworks.xstream.mapper.MapperWrapper.realClass(MapperWrapper.java:38)
	at com.thoughtworks.xstream.mapper.CachingMapper.realClass(CachingMapper.java:52)
	at com.thoughtworks.xstream.core.TreeUnmarshaller.convert(TreeUnmarshaller.java:82)
	... 32 more
... Removed 24 stack frames]]>
    </failure>
  </testcase> <!-- @BeforeClass setUp -->
  <testcase name="@AfterClass afterClass" time="0.0" classname="Test.com.test.appium.About">
    <skipped/>
  </testcase> <!-- @AfterClass afterClass -->
  <testcase name="clickAbout" time="0.0" classname="Test.com.test.appium.About">
    <skipped/>
  </testcase> <!-- clickAbout -->
</testsuite> <!-- Command line test -->
