<?xml version="1.0" encoding="UTF-8"?>
<testng-results skipped="0" failed="1" total="1" passed="0">
  <reporter-output>
  </reporter-output>
  <suite name="Default suite" duration-ms="18280" started-at="2015-12-14T10:26:11Z" finished-at="2015-12-14T10:26:29Z">
    <groups>
    </groups>
    <test name="Default test" duration-ms="18280" started-at="2015-12-14T10:26:11Z" finished-at="2015-12-14T10:26:29Z">
      <class name="test.com.test.appium.AttachOptionsVisibility">
        <test-method status="FAIL" signature="attach_elements()[pri:0, instance:test.com.test.appium.AttachOptionsVisibility@22a67b4]" name="attach_elements" duration-ms="17788" started-at="2015-12-14T15:56:11Z" finished-at="2015-12-14T15:56:29Z">
          <exception class="org.openqa.selenium.NoSuchElementException">
            <message>
              <![CDATA[An element could not be located on the page using the given search parameters. (WARNING: The server did not provide any stacktrace information)
Command duration or timeout: 8.48 seconds
For documentation on this error, please visit: http://seleniumhq.org/exceptions/no_such_element.html
Build info: version: '2.43.1', revision: '5163bceef1bc36d43f3dc0b83c88998168a363a0', time: '2014-09-10 09:43:55'
System info: host: 'INBAN-HS7GT12', ip: '127.0.1.1', os.name: 'Linux', os.arch: 'amd64', os.version: '3.16.0-55-generic', java.version: '1.8.0_66'
Driver info: io.appium.java_client.android.AndroidDriver
Capabilities [{appPackage=com.verizon.messaging.vzmsgs, app=/home/channabasava/app/VZMessages-6.0.4-27-qa-release.apk, networkConnectionEnabled=true, warnings={}, app-package=com.verizon.messaging.vzmsgs, app-activity=com.verizon.mms.ui.activity.Provisioning, databaseEnabled=false, deviceName=emulator-5554, version=4.4.4, platform=UNIX, appActivity=com.verizon.mms.ui.ComposeMessageActivity, desired={appPackage=com.verizon.messaging.vzmsgs, appActivity=com.verizon.mms.ui.ComposeMessageActivity, app=/home/channabasava/app/VZMessages-6.0.4-27-qa-release.apk, browserName=, app-package=com.verizon.messaging.vzmsgs, app-activity=com.verizon.mms.ui.activity.Provisioning, platformName=Android, device=Android, deviceName=lenovo-A_6000, version=4.4.4, platform=WINDOW}, platformVersion=5.1, webStorageEnabled=false, locationContextEnabled=false, browserName=, takesScreenshot=true, javascriptEnabled=true, platformName=Android, device=Android}]
Session ID: 9b94e552-79ed-45ca-a085-7e9783608174]]>
            </message>
            <full-stacktrace>
              <![CDATA[org.openqa.selenium.NoSuchElementException: An element could not be located on the page using the given search parameters. (WARNING: The server did not provide any stacktrace information)
Command duration or timeout: 8.48 seconds
For documentation on this error, please visit: http://seleniumhq.org/exceptions/no_such_element.html
Build info: version: '2.43.1', revision: '5163bceef1bc36d43f3dc0b83c88998168a363a0', time: '2014-09-10 09:43:55'
System info: host: 'INBAN-HS7GT12', ip: '127.0.1.1', os.name: 'Linux', os.arch: 'amd64', os.version: '3.16.0-55-generic', java.version: '1.8.0_66'
Driver info: io.appium.java_client.android.AndroidDriver
Capabilities [{appPackage=com.verizon.messaging.vzmsgs, app=/home/channabasava/app/VZMessages-6.0.4-27-qa-release.apk, networkConnectionEnabled=true, warnings={}, app-package=com.verizon.messaging.vzmsgs, app-activity=com.verizon.mms.ui.activity.Provisioning, databaseEnabled=false, deviceName=emulator-5554, version=4.4.4, platform=UNIX, appActivity=com.verizon.mms.ui.ComposeMessageActivity, desired={appPackage=com.verizon.messaging.vzmsgs, appActivity=com.verizon.mms.ui.ComposeMessageActivity, app=/home/channabasava/app/VZMessages-6.0.4-27-qa-release.apk, browserName=, app-package=com.verizon.messaging.vzmsgs, app-activity=com.verizon.mms.ui.activity.Provisioning, platformName=Android, device=Android, deviceName=lenovo-A_6000, version=4.4.4, platform=WINDOW}, platformVersion=5.1, webStorageEnabled=false, locationContextEnabled=false, browserName=, takesScreenshot=true, javascriptEnabled=true, platformName=Android, device=Android}]
Session ID: 9b94e552-79ed-45ca-a085-7e9783608174
	at sun.reflect.NativeConstructorAccessorImpl.newInstance0(Native Method)
	at sun.reflect.NativeConstructorAccessorImpl.newInstance(NativeConstructorAccessorImpl.java:62)
	at sun.reflect.DelegatingConstructorAccessorImpl.newInstance(DelegatingConstructorAccessorImpl.java:45)
	at java.lang.reflect.Constructor.newInstance(Constructor.java:422)
	at org.openqa.selenium.remote.ErrorHandler.createThrowable(ErrorHandler.java:204)
	at org.openqa.selenium.remote.ErrorHandler.throwIfResponseFailed(ErrorHandler.java:156)
	at org.openqa.selenium.remote.RemoteWebDriver.execute(RemoteWebDriver.java:599)
	at io.appium.java_client.AppiumDriver.execute(AppiumDriver.java:180)
	at org.openqa.selenium.remote.RemoteWebDriver.findElement(RemoteWebDriver.java:352)
	at org.openqa.selenium.remote.RemoteWebDriver.findElementById(RemoteWebDriver.java:393)
	at org.openqa.selenium.By$ById.findElement(By.java:214)
	at org.openqa.selenium.remote.RemoteWebDriver.findElement(RemoteWebDriver.java:344)
	at test.com.test.appium.AttachOptionsVisibility.attach_elements(AttachOptionsVisibility.java:21)
	at sun.reflect.NativeMethodAccessorImpl.invoke0(Native Method)
	at sun.reflect.NativeMethodAccessorImpl.invoke(NativeMethodAccessorImpl.java:62)
	at sun.reflect.DelegatingMethodAccessorImpl.invoke(DelegatingMethodAccessorImpl.java:43)
	at java.lang.reflect.Method.invoke(Method.java:497)
	at org.testng.internal.MethodInvocationHelper.invokeMethod(MethodInvocationHelper.java:85)
	at org.testng.internal.Invoker.invokeMethod(Invoker.java:639)
	at org.testng.internal.Invoker.invokeTestMethod(Invoker.java:816)
	at org.testng.internal.Invoker.invokeTestMethods(Invoker.java:1124)
	at org.testng.internal.TestMethodWorker.invokeTestMethods(TestMethodWorker.java:125)
	at org.testng.internal.TestMethodWorker.run(TestMethodWorker.java:108)
	at org.testng.TestRunner.privateRun(TestRunner.java:774)
	at org.testng.TestRunner.run(TestRunner.java:624)
	at org.testng.SuiteRunner.runTest(SuiteRunner.java:359)
	at org.testng.SuiteRunner.runSequentially(SuiteRunner.java:354)
	at org.testng.SuiteRunner.privateRun(SuiteRunner.java:312)
	at org.testng.SuiteRunner.run(SuiteRunner.java:261)
	at org.testng.SuiteRunnerWorker.runSuite(SuiteRunnerWorker.java:52)
	at org.testng.SuiteRunnerWorker.run(SuiteRunnerWorker.java:86)
	at org.testng.TestNG.runSuitesSequentially(TestNG.java:1215)
	at org.testng.TestNG.runSuitesLocally(TestNG.java:1140)
	at org.testng.TestNG.run(TestNG.java:1048)
	at org.testng.remote.RemoteTestNG.run(RemoteTestNG.java:112)
	at org.testng.remote.RemoteTestNG.initAndRun(RemoteTestNG.java:205)
	at org.testng.remote.RemoteTestNG.main(RemoteTestNG.java:176)
]]>
            </full-stacktrace>
          </exception> <!-- org.openqa.selenium.NoSuchElementException -->
          <reporter-output>
          </reporter-output>
        </test-method> <!-- attach_elements -->
        <test-method status="PASS" signature="close()[pri:0, instance:test.com.test.appium.AttachOptionsVisibility@22a67b4]" name="close" is-config="true" duration-ms="474" started-at="2015-12-14T15:56:29Z" finished-at="2015-12-14T15:56:29Z">
          <reporter-output>
          </reporter-output>
        </test-method> <!-- close -->
      </class> <!-- test.com.test.appium.AttachOptionsVisibility -->
    </test> <!-- Default test -->
  </suite> <!-- Default suite -->
</testng-results>
