<?xml version="1.0" encoding="UTF-8"?>
<testng-results skipped="0" failed="0" total="9" passed="9">
  <reporter-output>
  </reporter-output>
  <suite name="Command line suite" duration-ms="313152" started-at="2015-12-02T12:33:58Z" finished-at="2015-12-02T12:39:11Z">
    <groups>
    </groups>
    <test name="Command line test" duration-ms="313152" started-at="2015-12-02T12:33:58Z" finished-at="2015-12-02T12:39:11Z">
      <class name="Test.com.test.appium.Camera">
        <test-method status="PASS" signature="setUp()[pri:0, instance:Test.com.test.appium.Camera@6fffcba5]" name="setUp" is-config="true" duration-ms="9302" started-at="2015-12-02T18:07:38Z" finished-at="2015-12-02T18:07:48Z">
          <reporter-output>
          </reporter-output>
        </test-method> <!-- setUp -->
        <test-method status="PASS" signature="sendCameraPicture()[pri:0, instance:Test.com.test.appium.Camera@6fffcba5]" name="sendCameraPicture" duration-ms="21643" started-at="2015-12-02T18:07:48Z" finished-at="2015-12-02T18:08:09Z">
          <reporter-output>
          </reporter-output>
        </test-method> <!-- sendCameraPicture -->
        <test-method status="PASS" signature="afterClass()[pri:0, instance:Test.com.test.appium.Camera@6fffcba5]" name="afterClass" is-config="true" duration-ms="722" started-at="2015-12-02T18:08:09Z" finished-at="2015-12-02T18:08:10Z">
          <reporter-output>
          </reporter-output>
        </test-method> <!-- afterClass -->
      </class> <!-- Test.com.test.appium.Camera -->
      <class name="Test.com.test.appium.Attachment">
        <test-method status="PASS" signature="setUp()[pri:0, instance:Test.com.test.appium.Attachment@3aa9e816]" name="setUp" is-config="true" duration-ms="9486" started-at="2015-12-02T18:04:17Z" finished-at="2015-12-02T18:04:27Z">
          <reporter-output>
          </reporter-output>
        </test-method> <!-- setUp -->
        <test-method status="PASS" signature="composeWithImage()[pri:0, instance:Test.com.test.appium.Attachment@3aa9e816]" name="composeWithImage" duration-ms="24472" started-at="2015-12-02T18:04:27Z" finished-at="2015-12-02T18:04:51Z">
          <reporter-output>
          </reporter-output>
        </test-method> <!-- composeWithImage -->
        <test-method status="PASS" signature="tearDown()[pri:0, instance:Test.com.test.appium.Attachment@3aa9e816]" name="tearDown" is-config="true" duration-ms="717" started-at="2015-12-02T18:04:51Z" finished-at="2015-12-02T18:04:52Z">
          <reporter-output>
          </reporter-output>
        </test-method> <!-- tearDown -->
      </class> <!-- Test.com.test.appium.Attachment -->
      <class name="Test.com.test.appium.ChangeLEDColor">
        <test-method status="PASS" signature="setUp()[pri:0, instance:Test.com.test.appium.ChangeLEDColor@2b80d80f]" name="setUp" is-config="true" duration-ms="9495" started-at="2015-12-02T18:08:49Z" finished-at="2015-12-02T18:08:58Z">
          <reporter-output>
          </reporter-output>
        </test-method> <!-- setUp -->
        <test-method status="PASS" signature="viewLEDColorScreen()[pri:0, instance:Test.com.test.appium.ChangeLEDColor@2b80d80f]" name="viewLEDColorScreen" duration-ms="11988" started-at="2015-12-02T18:08:58Z" finished-at="2015-12-02T18:09:10Z">
          <reporter-output>
          </reporter-output>
        </test-method> <!-- viewLEDColorScreen -->
        <test-method status="PASS" signature="afterClass()[pri:0, instance:Test.com.test.appium.ChangeLEDColor@2b80d80f]" name="afterClass" is-config="true" duration-ms="668" started-at="2015-12-02T18:09:10Z" finished-at="2015-12-02T18:09:11Z">
          <reporter-output>
          </reporter-output>
        </test-method> <!-- afterClass -->
      </class> <!-- Test.com.test.appium.ChangeLEDColor -->
      <class name="Test.com.test.appium.BigText">
        <test-method status="PASS" signature="setUp()[pri:0, instance:Test.com.test.appium.BigText@1ae369b7]" name="setUp" is-config="true" duration-ms="9567" started-at="2015-12-02T18:06:06Z" finished-at="2015-12-02T18:06:16Z">
          <reporter-output>
          </reporter-output>
        </test-method> <!-- setUp -->
        <test-method status="PASS" signature="sendBigText()[pri:0, instance:Test.com.test.appium.BigText@1ae369b7]" name="sendBigText" duration-ms="81845" started-at="2015-12-02T18:06:16Z" finished-at="2015-12-02T18:07:38Z">
          <reporter-output>
          </reporter-output>
        </test-method> <!-- sendBigText -->
        <test-method status="PASS" signature="afterClass()[pri:0, instance:Test.com.test.appium.BigText@1ae369b7]" name="afterClass" is-config="true" duration-ms="741" started-at="2015-12-02T18:07:38Z" finished-at="2015-12-02T18:07:38Z">
          <reporter-output>
          </reporter-output>
        </test-method> <!-- afterClass -->
      </class> <!-- Test.com.test.appium.BigText -->
      <class name="Test.com.test.appium.About">
        <test-method status="PASS" signature="setUp()[pri:0, instance:Test.com.test.appium.About@7cdbc5d3]" name="setUp" is-config="true" duration-ms="9983" started-at="2015-12-02T18:03:58Z" finished-at="2015-12-02T18:04:08Z">
          <reporter-output>
          </reporter-output>
        </test-method> <!-- setUp -->
        <test-method status="PASS" signature="clickAbout()[pri:0, instance:Test.com.test.appium.About@7cdbc5d3]" name="clickAbout" duration-ms="9867" started-at="2015-12-02T18:04:08Z" finished-at="2015-12-02T18:04:17Z">
          <reporter-output>
          </reporter-output>
        </test-method> <!-- clickAbout -->
        <test-method status="PASS" signature="afterClass()[pri:0, instance:Test.com.test.appium.About@7cdbc5d3]" name="afterClass" is-config="true" duration-ms="8" started-at="2015-12-02T18:04:17Z" finished-at="2015-12-02T18:04:17Z">
          <reporter-output>
          </reporter-output>
        </test-method> <!-- afterClass -->
      </class> <!-- Test.com.test.appium.About -->
      <class name="Test.com.test.appium.Audio">
        <test-method status="PASS" signature="setUp()[pri:0, instance:Test.com.test.appium.Audio@17d99928]" name="setUp" is-config="true" duration-ms="9506" started-at="2015-12-02T18:04:52Z" finished-at="2015-12-02T18:05:02Z">
          <reporter-output>
          </reporter-output>
        </test-method> <!-- setUp -->
        <test-method status="PASS" signature="selectAudio()[pri:0, instance:Test.com.test.appium.Audio@17d99928]" name="selectAudio" duration-ms="45239" started-at="2015-12-02T18:05:02Z" finished-at="2015-12-02T18:05:47Z">
          <reporter-output>
          </reporter-output>
        </test-method> <!-- selectAudio -->
        <test-method status="PASS" signature="afterClass()[pri:0, instance:Test.com.test.appium.Audio@17d99928]" name="afterClass" is-config="true" duration-ms="681" started-at="2015-12-02T18:05:47Z" finished-at="2015-12-02T18:05:48Z">
          <reporter-output>
          </reporter-output>
        </test-method> <!-- afterClass -->
      </class> <!-- Test.com.test.appium.Audio -->
      <class name="Test.com.test.appium.BackGroundsScreen">
        <test-method status="PASS" signature="setUp()[pri:0, instance:Test.com.test.appium.BackGroundsScreen@3834d63f]" name="setUp" is-config="true" duration-ms="9461" started-at="2015-12-02T18:05:48Z" finished-at="2015-12-02T18:05:57Z">
          <reporter-output>
          </reporter-output>
        </test-method> <!-- setUp -->
        <test-method status="PASS" signature="viewBackGroundsScreen()[pri:0, instance:Test.com.test.appium.BackGroundsScreen@3834d63f]" name="viewBackGroundsScreen" duration-ms="8462" started-at="2015-12-02T18:05:57Z" finished-at="2015-12-02T18:06:06Z">
          <reporter-output>
          </reporter-output>
        </test-method> <!-- viewBackGroundsScreen -->
        <test-method status="PASS" signature="afterClass()[pri:0, instance:Test.com.test.appium.BackGroundsScreen@3834d63f]" name="afterClass" is-config="true" duration-ms="692" started-at="2015-12-02T18:06:06Z" finished-at="2015-12-02T18:06:06Z">
          <reporter-output>
          </reporter-output>
        </test-method> <!-- afterClass -->
      </class> <!-- Test.com.test.appium.BackGroundsScreen -->
      <class name="Test.com.test.appium.ChangeConversationBubble">
        <test-method status="PASS" signature="setUp()[pri:0, instance:Test.com.test.appium.ChangeConversationBubble@34340fab]" name="setUp" is-config="true" duration-ms="9165" started-at="2015-12-02T18:08:10Z" finished-at="2015-12-02T18:08:19Z">
          <reporter-output>
          </reporter-output>
        </test-method> <!-- setUp -->
        <test-method status="PASS" signature="clickChangeBackGround()[pri:0, instance:Test.com.test.appium.ChangeConversationBubble@34340fab]" name="clickChangeBackGround" duration-ms="8401" started-at="2015-12-02T18:08:19Z" finished-at="2015-12-02T18:08:28Z">
          <reporter-output>
          </reporter-output>
        </test-method> <!-- clickChangeBackGround -->
        <test-method status="PASS" signature="afterClass()[pri:0, instance:Test.com.test.appium.ChangeConversationBubble@34340fab]" name="afterClass" is-config="true" duration-ms="895" started-at="2015-12-02T18:08:28Z" finished-at="2015-12-02T18:08:28Z">
          <reporter-output>
          </reporter-output>
        </test-method> <!-- afterClass -->
      </class> <!-- Test.com.test.appium.ChangeConversationBubble -->
      <class name="Test.com.test.appium.ChangeFontSize">
        <test-method status="PASS" signature="setUp()[pri:0, instance:Test.com.test.appium.ChangeFontSize@2aafb23c]" name="setUp" is-config="true" duration-ms="9216" started-at="2015-12-02T18:08:28Z" finished-at="2015-12-02T18:08:38Z">
          <reporter-output>
          </reporter-output>
        </test-method> <!-- setUp -->
        <test-method status="PASS" signature="changeFontSize()[pri:0, instance:Test.com.test.appium.ChangeFontSize@2aafb23c]" name="changeFontSize" duration-ms="10211" started-at="2015-12-02T18:08:38Z" finished-at="2015-12-02T18:08:48Z">
          <reporter-output>
          </reporter-output>
        </test-method> <!-- changeFontSize -->
        <test-method status="PASS" signature="afterClass()[pri:0, instance:Test.com.test.appium.ChangeFontSize@2aafb23c]" name="afterClass" is-config="true" duration-ms="707" started-at="2015-12-02T18:08:48Z" finished-at="2015-12-02T18:08:49Z">
          <reporter-output>
          </reporter-output>
        </test-method> <!-- afterClass -->
      </class> <!-- Test.com.test.appium.ChangeFontSize -->
    </test> <!-- Command line test -->
  </suite> <!-- Command line suite -->
</testng-results>
